<?xml version="1.0" encoding="UTF-8"?>
<!-- Generated by org.testng.reporters.JUnitReportReporter -->
<testsuite hostname="Ilhans-MBP.fios-router.home" name="com.api.tests.GetTokenPOJO" tests="3" failures="0" timestamp="6 Nov 2019 05:06:30 GMT" time="4.083" errors="0">
  <testcase name="tokenAPIWithWrongCredentialsTest" time="0.219" classname="com.api.tests.GetTokenPOJO"/>
  <testcase name="getTokenWithPOJOTest" time="0.545" classname="com.api.tests.GetTokenPOJO"/>
  <testcase name="getTokenAPIWithBadJsonPayLoadTest" time="3.319" classname="com.api.tests.GetTokenPOJO"/>
</testsuite> <!-- com.api.tests.GetTokenPOJO -->
