<?xml version="1.0" encoding="UTF-8"?>
<!-- Generated by org.testng.reporters.JUnitReportReporter -->
<testsuite skipped="0" hostname="Bobs-MBP.fios-router.home" name="TwitterAPIs.CoopTest" tests="1" failures="0" timestamp="21 Nov 2019 15:51:11 GMT" time="1.506" errors="0">
  <testcase name="eggsCollectTest" time="1.506" classname="TwitterAPIs.CoopTest"/>
</testsuite> <!-- TwitterAPIs.CoopTest -->
