<?xml version="1.0" encoding="UTF-8"?>
<!-- Generated by org.testng.reporters.JUnitReportReporter -->
<testsuite skipped="0" hostname="Bobs-MBP.fios-router.home" name="com.qa.httpclientAPITests.UpdateUserPUTAPITest" tests="1" failures="0" timestamp="19 Nov 2019 15:27:53 GMT" time="1.880" errors="0">
  <testcase name="updateUserTest" time="1.880" classname="com.qa.httpclientAPITests.UpdateUserPUTAPITest"/>
</testsuite> <!-- com.qa.httpclientAPITests.UpdateUserPUTAPITest -->
