<?xml version="1.0" encoding="UTF-8"?>
<!-- Generated by org.testng.reporters.JUnitReportReporter -->
<testsuite skipped="0" hostname="Bobs-MBP.fios-router.home" name="com.api.tests.POSTCallNoBDD" tests="1" failures="0" timestamp="02 Jan 2020 17:41:38 GMT" time="1.676" errors="0">
  <testcase name="tokenPostAPITest" time="1.676" classname="com.api.tests.POSTCallNoBDD"/>
</testsuite> <!-- com.api.tests.POSTCallNoBDD -->
