<?xml version="1.0" encoding="UTF-8"?>
<!-- Generated by org.testng.reporters.JUnitReportReporter -->
<testsuite hostname="Ilhans-MBP.fios-router.home" name="com.api.tests.GETCallAPI" tests="1" failures="0" timestamp="30 Oct 2019 13:38:32 GMT" time="2.761" errors="0">
  <testcase name="getUserWithOneQueryParameterAPITest" time="2.761" classname="com.api.tests.GETCallAPI"/>
</testsuite> <!-- com.api.tests.GETCallAPI -->
