<?xml version="1.0" encoding="UTF-8"?>
<!-- Generated by org.testng.reporters.JUnitReportReporter -->
<testsuite skipped="0" hostname="Bobs-MBP.fios-router.home" name="com.rest.api.authantications.OAuth1APITest" tests="1" failures="0" timestamp="20 Nov 2019 18:23:23 GMT" time="1.494" errors="0">
  <testcase name="twitterStatusAPI_OAuth1_Test" time="1.494" classname="com.rest.api.authantications.OAuth1APITest"/>
</testsuite> <!-- com.rest.api.authantications.OAuth1APITest -->
