<?xml version="1.0" encoding="UTF-8"?>
<!-- Generated by org.testng.reporters.JUnitReportReporter -->
<testsuite skipped="0" hostname="Bobs-MBP.fios-router.home" name="com.qa.httpclientAPITests.BasicAuthHttpClient" tests="1" failures="0" timestamp="19 Nov 2019 14:54:27 GMT" time="0.389" errors="0">
  <testcase name="basicAuthHandleTest" time="0.389" classname="com.qa.httpclientAPITests.BasicAuthHttpClient"/>
</testsuite> <!-- com.qa.httpclientAPITests.BasicAuthHttpClient -->
