<?xml version="1.0" encoding="UTF-8"?>
<!-- Generated by org.testng.reporters.JUnitReportReporter -->
<testsuite hostname="Ilhans-MBP.fios-router.home" name="com.api.tests.PUTAPICall" tests="1" failures="0" timestamp="6 Nov 2019 04:35:10 GMT" time="2.563" errors="0">
  <testcase name="updateUserWithPUTTest" time="2.563" classname="com.api.tests.PUTAPICall"/>
</testsuite> <!-- com.api.tests.PUTAPICall -->
