<?xml version="1.0" encoding="UTF-8"?>
<!-- Generated by org.testng.reporters.JUnitReportReporter -->
<testsuite skipped="0" hostname="Bobs-MBP.fios-router.home" name="com.qa.httpclientAPITests.DeleteUserAPITest" tests="1" failures="0" timestamp="19 Nov 2019 15:19:09 GMT" time="1.401" errors="0">
  <testcase name="deleteUserTest" time="1.401" classname="com.qa.httpclientAPITests.DeleteUserAPITest"/>
</testsuite> <!-- com.qa.httpclientAPITests.DeleteUserAPITest -->
