<?xml version="1.0" encoding="UTF-8"?>
<!-- Generated by org.testng.reporters.JUnitReportReporter -->
<testsuite hostname="Ilhans-MBP.fios-router.home" name="com.api.tests.DELETECallAPI" tests="1" failures="0" timestamp="6 Nov 2019 04:59:19 GMT" time="2.729" errors="0">
  <testcase name="deleteUserAPITest" time="2.729" classname="com.api.tests.DELETECallAPI"/>
</testsuite> <!-- com.api.tests.DELETECallAPI -->
