<?xml version="1.0" encoding="UTF-8"?>
<!-- Generated by org.testng.reporters.JUnitReportReporter -->
<testsuite hostname="Ilhans-MBP.fios-router.home" name="com.api.tests.GetUserSchemaTest" tests="1" failures="0" timestamp="6 Nov 2019 04:10:27 GMT" time="2.934" errors="0">
  <testcase name="getUserSchemaTest" time="2.934" classname="com.api.tests.GetUserSchemaTest"/>
</testsuite> <!-- com.api.tests.GetUserSchemaTest -->
