<?xml version="1.0" encoding="UTF-8"?>
<!-- Generated by org.testng.reporters.JUnitReportReporter -->
<testsuite skipped="0" hostname="Bobs-MBP.fios-router.home" name="com.rest.api.authantications.OAuth2APITest" tests="1" failures="0" timestamp="20 Nov 2019 18:05:48 GMT" time="2.051" errors="0">
  <testcase name="getAuth2TokenAPITest" time="2.051" classname="com.rest.api.authantications.OAuth2APITest"/>
</testsuite> <!-- com.rest.api.authantications.OAuth2APITest -->
