<?xml version="1.0" encoding="UTF-8"?>
<!-- Generated by org.testng.reporters.JUnitReportReporter -->
<testsuite hostname="Ilhans-MBP.fios-router.home" name="com.api.tests.DELETECallAPI" tests="1" failures="0" timestamp="13 Nov 2019 05:58:56 GMT" time="3.072" errors="0">
  <testcase name="deleteUserAPITest" time="3.072" classname="com.api.tests.DELETECallAPI"/>
</testsuite> <!-- com.api.tests.DELETECallAPI -->
