<?xml version="1.0" encoding="UTF-8"?>
<!-- Generated by org.testng.reporters.JUnitReportReporter -->
<testsuite skipped="0" hostname="Bobs-MBP.fios-router.home" name="com.rest.api.authantications.AuthApis" tests="1" failures="0" timestamp="20 Nov 2019 17:43:23 GMT" time="2.680" errors="0">
  <testcase name="OAuth2_API_Test" time="2.680" classname="com.rest.api.authantications.AuthApis"/>
</testsuite> <!-- com.rest.api.authantications.AuthApis -->
