<?xml version="1.0" encoding="UTF-8"?>
<!-- Generated by org.testng.reporters.JUnitReportReporter -->
<testsuite hostname="Ilhans-MBP.fios-router.home" name="com.api.tests.POSTCallNoBDD" tests="1" failures="0" timestamp="30 Oct 2019 22:07:58 GMT" time="2.670" errors="0">
  <testcase name="tokenPostAPITest" time="2.670" classname="com.api.tests.POSTCallNoBDD"/>
</testsuite> <!-- com.api.tests.POSTCallNoBDD -->
