<?xml version="1.0" encoding="UTF-8"?>
<!-- Generated by org.testng.reporters.JUnitReportReporter -->
<testsuite hostname="Ilhans-MBP.fios-router.home" name="com.api.tests.GETAPINoBDD" tests="1" failures="0" timestamp="30 Oct 2019 23:02:08 GMT" time="2.762" errors="0">
  <testcase name="getUserByParamsTest" time="2.762" classname="com.api.tests.GETAPINoBDD"/>
</testsuite> <!-- com.api.tests.GETAPINoBDD -->
