<?xml version="1.0" encoding="UTF-8"?>
<!-- Generated by org.testng.reporters.JUnitReportReporter -->
<testsuite skipped="0" hostname="Bobs-MBP.fios-router.home" name="com.api.tests.BasicAuthHandle" tests="1" failures="0" timestamp="19 Nov 2019 14:50:23 GMT" time="2.743" errors="0">
  <testcase name="basicAuthRestAssuredTest" time="2.743" classname="com.api.tests.BasicAuthHandle"/>
</testsuite> <!-- com.api.tests.BasicAuthHandle -->
