<?xml version="1.0" encoding="UTF-8"?>
<!-- Generated by org.testng.reporters.JUnitReportReporter -->
<testsuite skipped="0" hostname="Bobs-MBP.fios-router.home" name="com.qa.httpclientAPITests.CreateUserPOSTAPITest" tests="1" failures="0" timestamp="18 Nov 2019 16:46:02 GMT" time="1.657" errors="0">
  <testcase name="createUserTest" time="1.657" classname="com.qa.httpclientAPITests.CreateUserPOSTAPITest"/>
</testsuite> <!-- com.qa.httpclientAPITests.CreateUserPOSTAPITest -->
