<?xml version="1.0" encoding="UTF-8"?>
<!-- Generated by org.testng.reporters.JUnitReportReporter -->
<testsuite skipped="0" hostname="Bobs-MBP.fios-router.home" name="com.qa.httpclientAPITests.GetUserAPITest" tests="1" failures="0" timestamp="17 Nov 2019 04:36:33 GMT" time="1.436" errors="0">
  <testcase name="goRestGetUserAPITest" time="1.436" classname="com.qa.httpclientAPITests.GetUserAPITest"/>
</testsuite> <!-- com.qa.httpclientAPITests.GetUserAPITest -->
