<?xml version="1.0" encoding="UTF-8"?>
<!-- Generated by org.testng.reporters.JUnitReportReporter -->
<testsuite skipped="0" hostname="Bobs-MBP.fios-router.home" name="TwitterAPIs.OAuthOneTest" tests="1" failures="0" timestamp="21 Nov 2019 15:36:49 GMT" time="1.539" errors="0">
  <testcase name="ReTweetPOSTAPITest" time="1.539" classname="TwitterAPIs.OAuthOneTest"/>
</testsuite> <!-- TwitterAPIs.OAuthOneTest -->
