<?xml version="1.0" encoding="UTF-8"?>
<!-- Generated by org.testng.reporters.JUnitReportReporter -->
<testsuite skipped="0" hostname="Bobs-MBP.fios-router.home" name="com.booking.api.tests.BookingAPITest" tests="1" failures="0" timestamp="06 Dec 2019 20:28:34 GMT" time="2.995" errors="0">
  <testcase name="doBookingTest" time="2.995" classname="com.booking.api.tests.BookingAPITest"/>
</testsuite> <!-- com.booking.api.tests.BookingAPITest -->
