<?xml version="1.0" encoding="UTF-8"?>
<!-- Generated by org.testng.reporters.JUnitReportReporter -->
<testsuite hostname="Ilhans-MBP.fios-router.home" name="com.api.tests.PostCallWithFile" tests="1" failures="0" timestamp="4 Nov 2019 16:06:13 GMT" time="1.324" errors="0">
  <testcase name="getTokenPOSTWithInvalidJsonFileTest" time="1.324" classname="com.api.tests.PostCallWithFile"/>
</testsuite> <!-- com.api.tests.PostCallWithFile -->
