<?xml version="1.0" encoding="UTF-8"?>
<!-- Generated by org.testng.reporters.JUnitReportReporter -->
<testsuite hostname="Ilhans-MBP.fios-router.home" name="com.booking.api.tests.BookingAPITest" tests="1" failures="0" timestamp="6 Nov 2019 15:48:46 GMT" time="1.769" errors="0">
  <testcase name="doBookingTest" time="1.769" classname="com.booking.api.tests.BookingAPITest"/>
</testsuite> <!-- com.booking.api.tests.BookingAPITest -->
